[2114-05-24 16:52;04][FINE] Se ha abierto la base de datos para obtener peliculas.
[2114-05-24 16:52;04][FINE] El statement para obtener peliculas esta preparado.
[2114-05-24 16:52;04][INFO] Obtenida la cantidad de peliculas.
[2114-05-24 16:52;04][FINE] Statement para obtener peliculas ha finalizado.
[2114-05-24 16:52;04][INFO] Se ha preparado el statement para obtener peliculas.
[2114-05-24 16:52;04][INFO] Se ha obtenido una pelicula.
[2114-05-24 16:52;04][INFO] Se ha obtenido una pelicula.
[2114-05-24 16:52;04][INFO] Se ha obtenido una pelicula.
[2114-05-24 16:52;04][INFO] Se ha obtenido una pelicula.
[2114-05-24 16:52;04][INFO] Se ha obtenido una pelicula.
[2114-05-24 16:52;04][INFO] Se ha obtenido una pelicula.
[2114-05-24 16:52;04][INFO] Se ha obtenido una pelicula.
[2114-05-24 16:52;04][INFO] Se ha obtenido una pelicula.
[2114-05-24 16:52;04][INFO] Se ha obtenido una pelicula.
[2114-05-24 16:52;04][INFO] Se ha obtenido una pelicula.
[2114-05-24 16:52;04][FINE] Statement para obtener peliculas ha finalizado.
[2114-05-24 16:52;04][FINE] Se ha cerrado la base de datos para obtener peliculas.
[2114-05-24 16:52;04][FINE] Se ha abierto la base de datos para obtener clientes.
[2114-05-24 16:52;04][FINE] El statement para obtener clientes esta preparado.
[2114-05-24 16:52;04][INFO] Obtenida la cantidad de clientes.
[2114-05-24 16:52;04][FINE] Statement para obtener clientes ha finalizado.
[2114-05-24 16:52;04][INFO] Se ha preparado el statement para obtener clientes.
[2114-05-24 16:52;04][INFO] Se ha obtenido un cliente.
[2114-05-24 16:52;04][INFO] Se ha obtenido un cliente.
[2114-05-24 16:52;04][INFO] Se ha obtenido un cliente.
[2114-05-24 16:52;04][INFO] Se ha obtenido un cliente.
[2114-05-24 16:52;04][INFO] Se ha obtenido un cliente.
[2114-05-24 16:52;04][INFO] Se ha obtenido un cliente.
[2114-05-24 16:52;04][FINE] Statement para obtener clientes ha finalizado.
[2114-05-24 16:52;04][FINE] Se ha cerrado la base de datos para obtener Clientes.
[2114-05-24 16:52;04][FINE] Se ha abierto la base de datos para obtener clientes.
[2114-05-24 16:52;04][FINE] El statement para obtener clientes esta preparado.
[2114-05-24 16:52;04][INFO] Obtenida la cantidad de entradas.
[2114-05-24 16:52;04][FINE] Statement para obtener entradas ha finalizado.
[2114-05-24 16:52;04][INFO] Se ha preparado el statement para obtener entradas.
[2114-05-24 16:52;04][INFO] Se ha obtenido una entrada.
[2114-05-24 16:52;04][INFO] Se ha obtenido una entrada.
[2114-05-24 16:52;04][INFO] Se ha obtenido una entrada.
[2114-05-24 16:52;04][INFO] Se ha obtenido una entrada.
[2114-05-24 16:52;04][INFO] Se ha obtenido una entrada.
[2114-05-24 16:52;04][INFO] Se ha obtenido una entrada.
[2114-05-24 16:52;04][FINE] Statement para obtener entradas ha finalizado.
[2114-05-24 16:52;04][FINE] Se ha cerrado la base de datos para obtener Entradas.
[2114-05-24 16:52;04][INFO] Inicializando el socket del servidor.
[2114-05-24 16:52;04][INFO] Se ha inicializado el socket del servidor.
[2114-05-24 16:52;04][INFO] Creando socket.
[2114-05-24 16:52;04][INFO] Se ha creado el socket.
[2114-05-24 16:52;04][INFO] El servidor se ha conectado al cliente.
[2114-05-24 16:52;04][INFO] Esperando para obtener conexiones.
[2114-05-24 16:52;18][INFO] El servidor se ha recibido una connexion
[2114-05-24 16:52;18][INFO] Esperando para obtener informacion del cliente.
[2114-05-24 16:52;18][INFO] Se ha obtenido un mensaje.
[2114-05-24 16:52;18][INFO] Se ha pedido obtener peliculas.
[2114-05-24 16:52;18][INFO] Se ha enviado una pelicula.
[2114-05-24 16:52;18][INFO] Se ha enviado una pelicula.
[2114-05-24 16:52;18][INFO] Se ha enviado una pelicula.
[2114-05-24 16:52;18][INFO] Se ha enviado una pelicula.
[2114-05-24 16:52;18][INFO] Se ha enviado una pelicula.
[2114-05-24 16:52;18][INFO] Se ha enviado una pelicula.
[2114-05-24 16:52;18][INFO] Se ha enviado una pelicula.
[2114-05-24 16:52;18][INFO] Se ha enviado una pelicula.
[2114-05-24 16:52;18][INFO] Se ha enviado una pelicula.
[2114-05-24 16:52;18][INFO] Se ha enviado una pelicula.
[2114-05-24 16:52;18][INFO] Se ha enviado todos las peliculas.
[2114-05-24 16:52;18][INFO] Se ha obtenido un mensaje.
[2114-05-24 16:52;18][INFO] Se ha pedido obtener clientes.
[2114-05-24 16:52;18][INFO] Se ha enviado un cliente.
[2114-05-24 16:52;18][INFO] Se ha enviado un cliente.
[2114-05-24 16:52;18][INFO] Se ha enviado un cliente.
[2114-05-24 16:52;18][INFO] Se ha enviado un cliente.
[2114-05-24 16:52;18][INFO] Se ha enviado un cliente.
[2114-05-24 16:52;18][INFO] Se ha enviado un cliente.
[2114-05-24 16:52;18][INFO] Se han enviado todos los clientes.
[2114-05-24 16:52;18][INFO] Se ha obtenido un mensaje.
[2114-05-24 16:52;18][INFO] Se ha pedido obtener entrada.
[2114-05-24 16:52;18][INFO] Se ha enviado una entrada.
[2114-05-24 16:52;18][INFO] Se ha enviado una entrada.
[2114-05-24 16:52;18][INFO] Se ha enviado una entrada.
[2114-05-24 16:52;18][INFO] Se ha enviado una entrada.
[2114-05-24 16:52;18][INFO] Se ha enviado una entrada.
[2114-05-24 16:52;18][INFO] Se ha enviado una entrada.
[2114-05-24 16:52;18][INFO] Se han enviado todas las entradas.
[2114-05-24 16:52;26][INFO] Se ha obtenido un mensaje.
[2114-05-24 16:52;26][INFO] Se ha pedido anadir un cliente.
